<?xml version="1.0" encoding="utf-8"?><testsuites name="pytest tests"><testsuite name="pytest" errors="0" failures="0" skipped="0" tests="121" time="2.160" timestamp="2026-06-29T00:01:10.497095+01:00" hostname="MacBook-Pro-200.local"><testcase classname="tests.e2e.test_bigger_brother_analyse_reps.TestAnalyseReps" name="test_happy_path" time="0.010" /><testcase classname="tests.e2e.test_bigger_brother_analyse_reps.TestAnalyseReps" name="test_too_few_frames_raises" time="0.001" /><testcase classname="tests.e2e.test_bigger_brother_analyse_reps.TestAnalyseReps" name="test_visualise_flag_does_not_crash" time="0.127" /><testcase classname="tests.e2e.test_bigger_brother_analyse_reps.TestAnalyseReps" name="test_invalid_exercise_raises" time="0.001" /><testcase classname="tests.e2e.test_bigger_brother_estimate_rir.TestEstimateRir" name="test_happy_path" time="0.002" /><testcase classname="tests.e2e.test_bigger_brother_estimate_rir.TestEstimateRir" name="test_insufficient_reps_raises" time="0.001" /><testcase classname="tests.e2e.test_bigger_brother_estimate_rir.TestEstimateRir" name="test_visualise_flag_passes_through" time="0.001" /><testcase classname="tests.integration.analysis.test_compute_metrics_integration.TestComputeMetricsIntegration" name="test_single_flexion_rep" time="0.002" /><testcase classname="tests.integration.analysis.test_compute_metrics_integration.TestComputeMetricsIntegration" name="test_two_reps_flexion" time="0.001" /><testcase classname="tests.integration.analysis.test_compute_metrics_integration.TestComputeMetricsIntegration" name="test_visualise_flag_does_not_crash" time="0.029" /><testcase classname="tests.integration.analysis.test_compute_metrics_integration.TestComputeMetricsIntegration" name="test_minimal_input_returns_no_reps" time="0.002" /><testcase classname="tests.integration.analysis.test_compute_metrics_integration.TestComputeMetricsIntegration" name="test_velocity_segment_clipping" time="0.001" /><testcase classname="tests.integration.analysis.test_compute_metrics_integration.TestComputeMetricsIntegration" name="test_small_bump_not_detected_as_rep" time="0.002" /><testcase classname="tests.integration.analysis.test_pose_estimator_integration" name="test_process_video_integration" time="0.711" /><testcase classname="tests.integration.analysis.test_pose_estimator_integration" name="test_fps_extraction" time="0.295" /><testcase classname="tests.integration.analysis.test_pose_estimator_integration" name="test_caching_returns_identical_data" time="0.243" /><testcase classname="tests.unit.analysis.test_compute_VL_curve.TestComputeVLCurve" name="test_successful_fit" time="0.001" /><testcase classname="tests.unit.analysis.test_compute_VL_curve.TestComputeVLCurve" name="test_too_few_reps_raises" time="0.000" /><testcase classname="tests.unit.analysis.test_compute_VL_curve.TestComputeVLCurve" name="test_peak_too_late_raises" time="0.000" /><testcase classname="tests.unit.analysis.test_compute_VL_curve.TestComputeVLCurve" name="test_none_speeds_are_skipped" time="0.000" /><testcase classname="tests.unit.analysis.test_compute_VL_curve.TestComputeVLCurve" name="test_poly_degree_and_evaluation" time="0.000" /><testcase classname="tests.unit.analysis.test_compute_VL_curve.TestComputeVLCurve" name="test_exact_three_reps_edge" time="0.000" /><testcase classname="tests.unit.analysis.test_compute_VL_curve.TestComputeVLCurve" name="test_visualise_flag_runs_without_error" time="0.038" /><testcase classname="tests.unit.analysis.test_compute_reps.TestComputeRepsFlexion" name="test_happy_path_two_reps" time="0.000" /><testcase classname="tests.unit.analysis.test_compute_reps.TestComputeRepsFlexion" name="test_prominence_filters_small_wiggles" time="0.000" /><testcase classname="tests.unit.analysis.test_compute_reps.TestComputeRepsFlexion" name="test_peak_merging_consecutive_peaks" time="0.000" /><testcase classname="tests.unit.analysis.test_compute_reps.TestComputeRepsFlexion" name="test_no_peaks_or_troughs_returns_empty" time="0.000" /><testcase classname="tests.unit.analysis.test_compute_reps.TestComputeRepsFlexion" name="test_only_troughs_no_peaks" time="0.000" /><testcase classname="tests.unit.analysis.test_compute_reps.TestComputeRepsFlexion" name="test_start_with_peak_no_initial_trough" time="0.000" /><testcase classname="tests.unit.analysis.test_compute_reps.TestComputeRepsExtension" name="test_happy_path_extension" time="0.000" /><testcase classname="tests.unit.analysis.test_compute_reps.TestEdgeCases" name="test_all_nones" time="0.000" /><testcase classname="tests.unit.analysis.test_compute_reps.TestEdgeCases" name="test_mixed_nones" time="0.000" /><testcase classname="tests.unit.analysis.test_compute_reps.TestEdgeCases" name="test_fps_affects_durations" time="0.000" /><testcase classname="tests.unit.analysis.test_compute_reps.TestEdgeCases" name="test_single_rep" time="0.000" /><testcase classname="tests.unit.analysis.test_compute_reps.TestEdgeCases" name="test_missing_next_trough_flexion" time="0.000" /><testcase classname="tests.unit.analysis.test_compute_reps.TestEdgeCases" name="test_missing_next_trough_extension" time="0.000" /><testcase classname="tests.unit.analysis.test_pose_estimator" name="test_process_video_happy_path" time="0.008" /><testcase classname="tests.unit.analysis.test_pose_estimator" name="test_process_video_frame_skip" time="0.006" /><testcase classname="tests.unit.analysis.test_pose_estimator" name="test_process_video_invalid_frame_skip" time="0.001" /><testcase classname="tests.unit.analysis.test_pose_estimator" name="test_process_video_cannot_open" time="0.001" /><testcase classname="tests.unit.analysis.test_pose_estimator" name="test_process_video_caching" time="0.007" /><testcase classname="tests.unit.analysis.test_pose_estimator" name="test_process_video_no_pose_detected" time="0.006" /><testcase classname="tests.unit.dto.test_exercise" name="test_exercise_direct_creation" time="0.000" /><testcase classname="tests.unit.dto.test_exercise" name="test_exercise_with_frame_data" time="0.000" /><testcase classname="tests.unit.dto.test_exercise" name="test_get_exercise_bilateral_bicep_curl" time="0.000" /><testcase classname="tests.unit.dto.test_exercise" name="test_get_exercise_left_bicep_curl" time="0.000" /><testcase classname="tests.unit.dto.test_exercise" name="test_get_exercise_right_bicep_curl" time="0.000" /><testcase classname="tests.unit.dto.test_exercise" name="test_get_exercise_tricep_extension" time="0.000" /><testcase classname="tests.unit.dto.test_exercise" name="test_get_exercise_unknown_name" time="0.000" /><testcase classname="tests.unit.dto.test_exercise" name="test_get_exercise_unilateral_not_possible" time="0.000" /><testcase classname="tests.unit.dto.test_exercise" name="test_get_exercise_unilateral_not_possible_with_mock" time="0.000" /><testcase classname="tests.unit.dto.test_exercise" name="test_get_exercise_bilateral_does_not_trigger_unilateral_check" time="0.000" /><testcase classname="tests.unit.dto.test_exercise" name="test_get_exercise_empty_frame_data" time="0.000" /><testcase classname="tests.unit.dto.test_frame_data" name="test_from_mediapipe" time="0.000" /><testcase classname="tests.unit.dto.test_frame_data" name="test_get_landmark" time="0.000" /><testcase classname="tests.unit.dto.test_frame_data" name="test_get_landmark_by_name" time="0.000" /><testcase classname="tests.unit.dto.test_frame_data" name="test_get_world_landmark" time="0.000" /><testcase classname="tests.unit.dto.test_frame_data" name="test_get_world_landmark_by_name" time="0.000" /><testcase classname="tests.unit.dto.test_frame_data" name="test_get_world_landmark_by_name_invalid" time="0.000" /><testcase classname="tests.unit.dto.test_frame_data" name="test_get_keypoints_array" time="0.001" /><testcase classname="tests.unit.dto.test_frame_data" name="test_get_visible_landmarks" time="0.000" /><testcase classname="tests.unit.dto.test_frame_data" name="test_get_visible_landmarks_none" time="0.000" /><testcase classname="tests.unit.dto.test_frame_data" name="test_get_limb" time="0.000" /><testcase classname="tests.unit.dto.test_frame_data" name="test_get_lm_xyzv_by_name" time="0.001" /><testcase classname="tests.unit.dto.test_frame_data" name="test_get_lm_xyzv_by_name_invalid" time="0.000" /><testcase classname="tests.unit.dto.test_frame_data" name="test_frame_data_from_mediapipe" time="0.000" /><testcase classname="tests.unit.dto.test_frame_data" name="test_frame_data_from_mediapipe_empty_pose" time="0.000" /><testcase classname="tests.unit.test_landmark_dicts" name="test_get_landmark_indices_from_angle_valid" time="0.000" /><testcase classname="tests.unit.test_landmark_dicts" name="test_get_landmark_indices_from_angle_all_defined" time="0.000" /><testcase classname="tests.unit.test_landmark_dicts" name="test_get_landmark_indices_from_angle_invalid" time="0.000" /><testcase classname="tests.unit.test_landmark_dicts" name="test_get_landmark_indices_from_exercise_valid" time="0.000" /><testcase classname="tests.unit.test_landmark_dicts" name="test_get_landmark_indices_from_exercise_all_defined" time="0.000" /><testcase classname="tests.unit.test_landmark_dicts" name="test_get_landmark_indices_from_exercise_invalid" time="0.000" /><testcase classname="tests.unit.test_landmark_dicts" name="test_exercise_angles_exist_in_angle_dict" time="0.000" /><testcase classname="tests.unit.test_landmark_dicts" name="test_angle_landmark_names_exist_in_indices" time="0.000" /><testcase classname="tests.unit.utils.test_angle" name="test_calculate_angle_right_angle" time="0.000" /><testcase classname="tests.unit.utils.test_angle" name="test_calculate_angle_zero_angle" time="0.000" /><testcase classname="tests.unit.utils.test_angle" name="test_calculate_angle_180_degrees" time="0.000" /><testcase classname="tests.unit.utils.test_angle" name="test_calculate_angle_division_by_zero" time="0.000" /><testcase classname="tests.unit.utils.test_angle" name="test_derive_angles_unilateral_left_visible" time="0.000" /><testcase classname="tests.unit.utils.test_angle" name="test_derive_angles_unilateral_left_not_visible" time="0.000" /><testcase classname="tests.unit.utils.test_angle" name="test_derive_angles_bilateral_both_visible" time="0.000" /><testcase classname="tests.unit.utils.test_angle" name="test_derive_angles_bilateral_only_left_visible" time="0.000" /><testcase classname="tests.unit.utils.test_angle" name="test_derive_angles_bilateral_only_right_visible" time="0.000" /><testcase classname="tests.unit.utils.test_angle" name="test_derive_angles_bilateral_neither_visible" time="0.000" /><testcase classname="tests.unit.utils.test_angle" name="test_derive_angles_multiple_frames" time="0.000" /><testcase classname="tests.unit.utils.test_angle.TestBilateralAngle" name="test_both_sides_visible_averages" time="0.000" /><testcase classname="tests.unit.utils.test_angle.TestBilateralAngle" name="test_one_side_low_visibility_uses_other" time="0.000" /><testcase classname="tests.unit.utils.test_angle.TestBilateralAngle" name="test_both_low_visibility_gives_nan" time="0.000" /><testcase classname="tests.unit.utils.test_utils" name="test_smooth_floats_basic" time="0.001" /><testcase classname="tests.unit.utils.test_utils" name="test_smooth_floats_with_nans" time="0.000" /><testcase classname="tests.unit.utils.test_utils" name="test_smooth_floats_all_nans" time="0.000" /><testcase classname="tests.unit.utils.test_utils" name="test_smooth_floats_window_too_large" time="0.000" /><testcase classname="tests.unit.utils.test_utils" name="test_smooth_floats_even_window" time="0.000" /><testcase classname="tests.unit.utils.test_utils" name="test_smooth_landmark_trajectory_constant" time="0.001" /><testcase classname="tests.unit.utils.test_utils" name="test_smooth_landmark_trajectory_linear" time="0.001" /><testcase classname="tests.unit.utils.test_utils" name="test_smooth_landmark_trajectory_empty" time="0.000" /><testcase classname="tests.unit.utils.test_utils" name="test_smooth_landmark_trajectory_bad_index" time="0.000" /><testcase classname="tests.unit.utils.test_utils" name="test_sanitise_exercise_basic" time="0.000" /><testcase classname="tests.unit.utils.test_utils" name="test_sanitise_exercise_whitespace_and_case" time="0.000" /><testcase classname="tests.unit.utils.test_utils" name="test_sanitise_exercise_special_characters" time="0.000" /><testcase classname="tests.unit.utils.test_utils" name="test_sanitise_exercise_accents" time="0.000" /><testcase classname="tests.unit.utils.test_utils" name="test_sanitise_exercise_leading_digit_raises" time="0.000" /><testcase classname="tests.unit.utils.test_utils" name="test_sanitise_exercise_only_digits_raises" time="0.000" /><testcase classname="tests.unit.utils.test_utils" name="test_sanitise_exercise_empty_string_raises" time="0.000" /><testcase classname="tests.unit.utils.test_utils" name="test_sanitise_exercise_multiple_spaces" time="0.000" /><testcase classname="tests.unit.utils.test_utils" name="test_sanitise_exercise_leading_trailing_underscores_removed" time="0.000" /><testcase classname="tests.unit.utils.test_utils" name="test_sanitise_unilateral_valid" time="0.000" /><testcase classname="tests.unit.utils.test_utils" name="test_sanitise_unilateral_invalid_raises" time="0.000" /><testcase classname="tests.unit.utils.test_utils" name="test_sanitise_unilateral_empty_raises" time="0.000" /><testcase classname="tests.unit.utils.test_velocity" name="test_derive_velocity_too_few_frames" time="0.000" /><testcase classname="tests.unit.utils.test_velocity" name="test_derive_velocity_unilateral_left_high_confidence" time="0.001" /><testcase classname="tests.unit.utils.test_velocity" name="test_derive_velocity_unilateral_left_low_confidence" time="0.001" /><testcase classname="tests.unit.utils.test_velocity" name="test_derive_velocity_unilateral_right_high_confidence" time="0.001" /><testcase classname="tests.unit.utils.test_velocity" name="test_derive_velocity_bilateral_both_high_confidence_equal_weight" time="0.001" /><testcase classname="tests.unit.utils.test_velocity" name="test_derive_velocity_bilateral_one_low_confidence" time="0.001" /><testcase classname="tests.unit.utils.test_velocity" name="test_derive_velocity_bilateral_zero_confidence" time="0.001" /><testcase classname="tests.unit.utils.test_velocity" name="test_derive_velocity_all_frames_invisible_unilateral" time="0.001" /><testcase classname="tests.unit.utils.test_velocity" name="test_derive_velocity_constant_position" time="0.001" /><testcase classname="tests.unit.utils.test_velocity" name="test_derive_velocity_linear_motion_known_speed" time="0.001" /><testcase classname="tests.unit.utils.test_velocity" name="test_derive_velocity_boundary_frames" time="0.001" /></testsuite></testsuites>